<?xml version="1.0" encoding="UTF-8"?>
<testsuite name="HeapSortTest" tests="5" skipped="0" failures="0" errors="0" timestamp="2021-09-19T14:37:52" hostname="USER-PC" time="0.042">
  <properties/>
  <testcase name="oneElemTest()" classname="HeapSortTest" time="0.034"/>
  <testcase name="emptyArrayTest()" classname="HeapSortTest" time="0.001"/>
  <testcase name="arraySortTest()" classname="HeapSortTest" time="0.001"/>
  <testcase name="minElemTest()" classname="HeapSortTest" time="0.001"/>
  <testcase name="maxElemTest()" classname="HeapSortTest" time="0.0"/>
  <system-out><![CDATA[]]></system-out>
  <system-err><![CDATA[]]></system-err>
</testsuite>
