<?xml version="1.0" encoding="UTF-8"?>
<testsuite name="SubstringSearchTest" tests="1" skipped="0" failures="0" errors="0" timestamp="2021-10-03T04:42:08" hostname="USER-PC" time="0.02">
  <properties/>
  <testcase name="bigString()" classname="SubstringSearchTest" time="0.02"/>
  <system-out><![CDATA[]]></system-out>
  <system-err><![CDATA[]]></system-err>
</testsuite>
