<?xml version="1.0" encoding="UTF-8"?>
<testsuite name="TestStack" tests="3" skipped="0" failures="0" errors="0" timestamp="2021-11-01T10:38:53" hostname="USER-PC" time="0.05">
  <properties/>
  <testcase name="working_with_String_test()" classname="TestStack" time="0.033"/>
  <testcase name="empty_test()" classname="TestStack" time="0.012"/>
  <testcase name="working_with_Integer_test()" classname="TestStack" time="0.002"/>
  <system-out><![CDATA[]]></system-out>
  <system-err><![CDATA[]]></system-err>
</testsuite>
