<?xml version="1.0" encoding="UTF-8"?>
<testsuite name="CalculatorTest" tests="10" skipped="0" failures="0" errors="0" timestamp="2021-11-14T05:31:30" hostname="USER-PC" time="0.073">
  <properties/>
  <testcase name="divisionTest()" classname="CalculatorTest" time="0.043"/>
  <testcase name="calculationTest()" classname="CalculatorTest" time="0.005"/>
  <testcase name="sqrtTest()" classname="CalculatorTest" time="0.002"/>
  <testcase name="additionTest()" classname="CalculatorTest" time="0.001"/>
  <testcase name="powTest()" classname="CalculatorTest" time="0.001"/>
  <testcase name="multiplicationTest()" classname="CalculatorTest" time="0.001"/>
  <testcase name="logTest()" classname="CalculatorTest" time="0.001"/>
  <testcase name="subtractionTest()" classname="CalculatorTest" time="0.002"/>
  <testcase name="cosTest()" classname="CalculatorTest" time="0.001"/>
  <testcase name="sinTest()" classname="CalculatorTest" time="0.002"/>
  <system-out><![CDATA[]]></system-out>
  <system-err><![CDATA[]]></system-err>
</testsuite>
