<?xml version="1.0" encoding="UTF-8"?>
<testsuite name="NotebookTest" tests="1" skipped="0" failures="0" errors="0" timestamp="2021-12-20T10:47:30" hostname="USER-PC" time="0.099">
  <properties/>
  <testcase name="findNotesPeriodsubwords()" classname="NotebookTest" time="0.099"/>
  <system-out><![CDATA[]]></system-out>
  <system-err><![CDATA[]]></system-err>
</testsuite>
